The target system is: Windows -  - 
The host system is: Linux - 4.15.0-47-generic - x86_64
Compiling the C compiler identification source file "CMakeCCompilerId.c" succeeded.
Compiler: /usr/bin/x86_64-w64-mingw32-gcc 
Build flags: 
Id flags:  

The output was:
0


Compilation of the C compiler identification source "CMakeCCompilerId.c" produced "a.exe"

The C compiler identification is GNU, found in "/home/diprotiv/Desktop/Test/NoisePlugin/noise-suppression-for-voice/build-mingw64/CMakeFiles/3.13.4/CompilerIdC/a.exe"

Compiling the CXX compiler identification source file "CMakeCXXCompilerId.cpp" succeeded.
Compiler: /usr/bin/x86_64-w64-mingw32-g++ 
Build flags: 
Id flags:  

The output was:
0


Compilation of the CXX compiler identification source "CMakeCXXCompilerId.cpp" produced "a.exe"

The CXX compiler identification is GNU, found in "/home/diprotiv/Desktop/Test/NoisePlugin/noise-suppression-for-voice/build-mingw64/CMakeFiles/3.13.4/CompilerIdCXX/a.exe"

Determining if the C compiler works passed with the following output:
Change Dir: /home/diprotiv/Desktop/Test/NoisePlugin/noise-suppression-for-voice/build-mingw64/CMakeFiles/CMakeTmp

Run Build Command:"/usr/bin/make" "cmTC_8185b/fast"
/usr/bin/make -f CMakeFiles/cmTC_8185b.dir/build.make CMakeFiles/cmTC_8185b.dir/build
make[1]: Entering directory '/home/diprotiv/Desktop/Test/NoisePlugin/noise-suppression-for-voice/build-mingw64/CMakeFiles/CMakeTmp'
Building C object CMakeFiles/cmTC_8185b.dir/testCCompiler.c.obj
/usr/bin/x86_64-w64-mingw32-gcc    -o CMakeFiles/cmTC_8185b.dir/testCCompiler.c.obj   -c /home/diprotiv/Desktop/Test/NoisePlugin/noise-suppression-for-voice/build-mingw64/CMakeFiles/CMakeTmp/testCCompiler.c
Linking C executable cmTC_8185b.exe
/home/linuxbrew/.linuxbrew/Cellar/cmake/3.13.4/bin/cmake -E cmake_link_script CMakeFiles/cmTC_8185b.dir/link.txt --verbose=1
/home/linuxbrew/.linuxbrew/Cellar/cmake/3.13.4/bin/cmake -E remove -f CMakeFiles/cmTC_8185b.dir/objects.a
/usr/bin/x86_64-w64-mingw32-ar cr CMakeFiles/cmTC_8185b.dir/objects.a @CMakeFiles/cmTC_8185b.dir/objects1.rsp
/usr/bin/x86_64-w64-mingw32-gcc      -Wl,--whole-archive CMakeFiles/cmTC_8185b.dir/objects.a -Wl,--no-whole-archive  -o cmTC_8185b.exe -Wl,--out-implib,libcmTC_8185b.dll.a -Wl,--major-image-version,0,--minor-image-version,0 @CMakeFiles/cmTC_8185b.dir/linklibs.rsp
make[1]: Leaving directory '/home/diprotiv/Desktop/Test/NoisePlugin/noise-suppression-for-voice/build-mingw64/CMakeFiles/CMakeTmp'


Detecting C compiler ABI info compiled with the following output:
Change Dir: /home/diprotiv/Desktop/Test/NoisePlugin/noise-suppression-for-voice/build-mingw64/CMakeFiles/CMakeTmp

Run Build Command:"/usr/bin/make" "cmTC_f28f1/fast"
/usr/bin/make -f CMakeFiles/cmTC_f28f1.dir/build.make CMakeFiles/cmTC_f28f1.dir/build
make[1]: Entering directory '/home/diprotiv/Desktop/Test/NoisePlugin/noise-suppression-for-voice/build-mingw64/CMakeFiles/CMakeTmp'
Building C object CMakeFiles/cmTC_f28f1.dir/CMakeCCompilerABI.c.obj
/usr/bin/x86_64-w64-mingw32-gcc    -o CMakeFiles/cmTC_f28f1.dir/CMakeCCompilerABI.c.obj   -c /home/linuxbrew/.linuxbrew/Cellar/cmake/3.13.4/share/cmake/Modules/CMakeCCompilerABI.c
Linking C executable cmTC_f28f1.exe
/home/linuxbrew/.linuxbrew/Cellar/cmake/3.13.4/bin/cmake -E cmake_link_script CMakeFiles/cmTC_f28f1.dir/link.txt --verbose=1
/home/linuxbrew/.linuxbrew/Cellar/cmake/3.13.4/bin/cmake -E remove -f CMakeFiles/cmTC_f28f1.dir/objects.a
/usr/bin/x86_64-w64-mingw32-ar cr CMakeFiles/cmTC_f28f1.dir/objects.a @CMakeFiles/cmTC_f28f1.dir/objects1.rsp
/usr/bin/x86_64-w64-mingw32-gcc     -v -Wl,--whole-archive CMakeFiles/cmTC_f28f1.dir/objects.a -Wl,--no-whole-archive  -o cmTC_f28f1.exe -Wl,--out-implib,libcmTC_f28f1.dll.a -Wl,--major-image-version,0,--minor-image-version,0 
Using built-in specs.
COLLECT_GCC=/usr/bin/x86_64-w64-mingw32-gcc
COLLECT_LTO_WRAPPER=/usr/lib/gcc/x86_64-w64-mingw32/7.3-win32/lto-wrapper
Target: x86_64-w64-mingw32
Configured with: ../../src/configure --build=x86_64-linux-gnu --prefix=/usr --includedir='/usr/include' --mandir='/usr/share/man' --infodir='/usr/share/info' --sysconfdir=/etc --localstatedir=/var --disable-silent-rules --libdir='/usr/lib/x86_64-linux-gnu' --libexecdir='/usr/lib/x86_64-linux-gnu' --disable-maintainer-mode --disable-dependency-tracking --prefix=/usr --enable-shared --enable-static --disable-multilib --with-system-zlib --libexecdir=/usr/lib --without-included-gettext --libdir=/usr/lib --enable-libstdcxx-time=yes --with-tune=generic --with-headers=/usr/x86_64-w64-mingw32/include --enable-version-specific-runtime-libs --enable-fully-dynamic-string --enable-libgomp --enable-languages=c,c++,fortran,objc,obj-c++,ada --enable-lto --with-plugin-ld --enable-threads=win32 --program-suffix=-win32 --program-prefix=x86_64-w64-mingw32- --target=x86_64-w64-mingw32 --with-as=/usr/bin/x86_64-w64-mingw32-as --with-ld=/usr/bin/x86_64-w64-mingw32-ld --enable-libatomic --enable-libstdcxx-filesystem-ts=yes
Thread model: win32
gcc version 7.3-win32 20180312 (GCC) 
COMPILER_PATH=/usr/lib/gcc/x86_64-w64-mingw32/7.3-win32/:/usr/lib/gcc/x86_64-w64-mingw32/7.3-win32/:/usr/lib/gcc/x86_64-w64-mingw32/:/usr/lib/gcc/x86_64-w64-mingw32/7.3-win32/:/usr/lib/gcc/x86_64-w64-mingw32/:/usr/lib/gcc/x86_64-w64-mingw32/7.3-win32/../../../../x86_64-w64-mingw32/bin/
LIBRARY_PATH=/usr/lib/gcc/x86_64-w64-mingw32/7.3-win32/:/usr/lib/gcc/x86_64-w64-mingw32/7.3-win32/../../../../x86_64-w64-mingw32/lib/
COLLECT_GCC_OPTIONS='-v' '-o' 'cmTC_f28f1.exe' '-mtune=generic' '-march=x86-64'
 /usr/lib/gcc/x86_64-w64-mingw32/7.3-win32/collect2 -m i386pep -Bdynamic -o cmTC_f28f1.exe /usr/lib/gcc/x86_64-w64-mingw32/7.3-win32/../../../../x86_64-w64-mingw32/lib/crt2.o /usr/lib/gcc/x86_64-w64-mingw32/7.3-win32/crtbegin.o -L/usr/lib/gcc/x86_64-w64-mingw32/7.3-win32 -L/usr/lib/gcc/x86_64-w64-mingw32/7.3-win32/../../../../x86_64-w64-mingw32/lib --whole-archive CMakeFiles/cmTC_f28f1.dir/objects.a --no-whole-archive --out-implib libcmTC_f28f1.dll.a --major-image-version 0 --minor-image-version 0 -lmingw32 -lgcc -lgcc_eh -lmoldname -lmingwex -lmsvcrt -ladvapi32 -lshell32 -luser32 -lkernel32 -lmingw32 -lgcc -lgcc_eh -lmoldname -lmingwex -lmsvcrt /usr/lib/gcc/x86_64-w64-mingw32/7.3-win32/crtend.o
COLLECT_GCC_OPTIONS='-v' '-o' 'cmTC_f28f1.exe' '-mtune=generic' '-march=x86-64'
make[1]: Leaving directory '/home/diprotiv/Desktop/Test/NoisePlugin/noise-suppression-for-voice/build-mingw64/CMakeFiles/CMakeTmp'


Parsed C implicit link information from above output:
  link line regex: [^( *|.*[/\])(x86_64-w64-mingw32-ld|CMAKE_LINK_STARTFILE-NOTFOUND|([^/\]+-)?ld|collect2)[^/\]*( |$)]
  ignore line: [Change Dir: /home/diprotiv/Desktop/Test/NoisePlugin/noise-suppression-for-voice/build-mingw64/CMakeFiles/CMakeTmp]
  ignore line: []
  ignore line: [Run Build Command:"/usr/bin/make" "cmTC_f28f1/fast"]
  ignore line: [/usr/bin/make -f CMakeFiles/cmTC_f28f1.dir/build.make CMakeFiles/cmTC_f28f1.dir/build]
  ignore line: [make[1]: Entering directory '/home/diprotiv/Desktop/Test/NoisePlugin/noise-suppression-for-voice/build-mingw64/CMakeFiles/CMakeTmp']
  ignore line: [Building C object CMakeFiles/cmTC_f28f1.dir/CMakeCCompilerABI.c.obj]
  ignore line: [/usr/bin/x86_64-w64-mingw32-gcc    -o CMakeFiles/cmTC_f28f1.dir/CMakeCCompilerABI.c.obj   -c /home/linuxbrew/.linuxbrew/Cellar/cmake/3.13.4/share/cmake/Modules/CMakeCCompilerABI.c]
  ignore line: [Linking C executable cmTC_f28f1.exe]
  ignore line: [/home/linuxbrew/.linuxbrew/Cellar/cmake/3.13.4/bin/cmake -E cmake_link_script CMakeFiles/cmTC_f28f1.dir/link.txt --verbose=1]
  ignore line: [/home/linuxbrew/.linuxbrew/Cellar/cmake/3.13.4/bin/cmake -E remove -f CMakeFiles/cmTC_f28f1.dir/objects.a]
  ignore line: [/usr/bin/x86_64-w64-mingw32-ar cr CMakeFiles/cmTC_f28f1.dir/objects.a @CMakeFiles/cmTC_f28f1.dir/objects1.rsp]
  ignore line: [/usr/bin/x86_64-w64-mingw32-gcc     -v -Wl,--whole-archive CMakeFiles/cmTC_f28f1.dir/objects.a -Wl,--no-whole-archive  -o cmTC_f28f1.exe -Wl,--out-implib,libcmTC_f28f1.dll.a -Wl,--major-image-version,0,--minor-image-version,0 ]
  ignore line: [Using built-in specs.]
  ignore line: [COLLECT_GCC=/usr/bin/x86_64-w64-mingw32-gcc]
  ignore line: [COLLECT_LTO_WRAPPER=/usr/lib/gcc/x86_64-w64-mingw32/7.3-win32/lto-wrapper]
  ignore line: [Target: x86_64-w64-mingw32]
  ignore line: [Configured with: ../../src/configure --build=x86_64-linux-gnu --prefix=/usr --includedir='/usr/include' --mandir='/usr/share/man' --infodir='/usr/share/info' --sysconfdir=/etc --localstatedir=/var --disable-silent-rules --libdir='/usr/lib/x86_64-linux-gnu' --libexecdir='/usr/lib/x86_64-linux-gnu' --disable-maintainer-mode --disable-dependency-tracking --prefix=/usr --enable-shared --enable-static --disable-multilib --with-system-zlib --libexecdir=/usr/lib --without-included-gettext --libdir=/usr/lib --enable-libstdcxx-time=yes --with-tune=generic --with-headers=/usr/x86_64-w64-mingw32/include --enable-version-specific-runtime-libs --enable-fully-dynamic-string --enable-libgomp --enable-languages=c,c++,fortran,objc,obj-c++,ada --enable-lto --with-plugin-ld --enable-threads=win32 --program-suffix=-win32 --program-prefix=x86_64-w64-mingw32- --target=x86_64-w64-mingw32 --with-as=/usr/bin/x86_64-w64-mingw32-as --with-ld=/usr/bin/x86_64-w64-mingw32-ld --enable-libatomic --enable-libstdcxx-filesystem-ts=yes]
  ignore line: [Thread model: win32]
  ignore line: [gcc version 7.3-win32 20180312 (GCC) ]
  ignore line: [COMPILER_PATH=/usr/lib/gcc/x86_64-w64-mingw32/7.3-win32/:/usr/lib/gcc/x86_64-w64-mingw32/7.3-win32/:/usr/lib/gcc/x86_64-w64-mingw32/:/usr/lib/gcc/x86_64-w64-mingw32/7.3-win32/:/usr/lib/gcc/x86_64-w64-mingw32/:/usr/lib/gcc/x86_64-w64-mingw32/7.3-win32/../../../../x86_64-w64-mingw32/bin/]
  ignore line: [LIBRARY_PATH=/usr/lib/gcc/x86_64-w64-mingw32/7.3-win32/:/usr/lib/gcc/x86_64-w64-mingw32/7.3-win32/../../../../x86_64-w64-mingw32/lib/]
  ignore line: [COLLECT_GCC_OPTIONS='-v' '-o' 'cmTC_f28f1.exe' '-mtune=generic' '-march=x86-64']
  link line: [ /usr/lib/gcc/x86_64-w64-mingw32/7.3-win32/collect2 -m i386pep -Bdynamic -o cmTC_f28f1.exe /usr/lib/gcc/x86_64-w64-mingw32/7.3-win32/../../../../x86_64-w64-mingw32/lib/crt2.o /usr/lib/gcc/x86_64-w64-mingw32/7.3-win32/crtbegin.o -L/usr/lib/gcc/x86_64-w64-mingw32/7.3-win32 -L/usr/lib/gcc/x86_64-w64-mingw32/7.3-win32/../../../../x86_64-w64-mingw32/lib --whole-archive CMakeFiles/cmTC_f28f1.dir/objects.a --no-whole-archive --out-implib libcmTC_f28f1.dll.a --major-image-version 0 --minor-image-version 0 -lmingw32 -lgcc -lgcc_eh -lmoldname -lmingwex -lmsvcrt -ladvapi32 -lshell32 -luser32 -lkernel32 -lmingw32 -lgcc -lgcc_eh -lmoldname -lmingwex -lmsvcrt /usr/lib/gcc/x86_64-w64-mingw32/7.3-win32/crtend.o]
    arg [/usr/lib/gcc/x86_64-w64-mingw32/7.3-win32/collect2] ==> ignore
    arg [-m] ==> ignore
    arg [i386pep] ==> ignore
    arg [-Bdynamic] ==> ignore
    arg [-o] ==> ignore
    arg [cmTC_f28f1.exe] ==> ignore
    arg [/usr/lib/gcc/x86_64-w64-mingw32/7.3-win32/../../../../x86_64-w64-mingw32/lib/crt2.o] ==> ignore
    arg [/usr/lib/gcc/x86_64-w64-mingw32/7.3-win32/crtbegin.o] ==> ignore
    arg [-L/usr/lib/gcc/x86_64-w64-mingw32/7.3-win32] ==> dir [/usr/lib/gcc/x86_64-w64-mingw32/7.3-win32]
    arg [-L/usr/lib/gcc/x86_64-w64-mingw32/7.3-win32/../../../../x86_64-w64-mingw32/lib] ==> dir [/usr/lib/gcc/x86_64-w64-mingw32/7.3-win32/../../../../x86_64-w64-mingw32/lib]
    arg [--whole-archive] ==> ignore
    arg [CMakeFiles/cmTC_f28f1.dir/objects.a] ==> ignore
    arg [--no-whole-archive] ==> ignore
    arg [--out-implib] ==> ignore
    arg [libcmTC_f28f1.dll.a] ==> ignore
    arg [--major-image-version] ==> ignore
    arg [0] ==> ignore
    arg [--minor-image-version] ==> ignore
    arg [0] ==> ignore
    arg [-lmingw32] ==> lib [mingw32]
    arg [-lgcc] ==> lib [gcc]
    arg [-lgcc_eh] ==> lib [gcc_eh]
    arg [-lmoldname] ==> lib [moldname]
    arg [-lmingwex] ==> lib [mingwex]
    arg [-lmsvcrt] ==> lib [msvcrt]
    arg [-ladvapi32] ==> lib [advapi32]
    arg [-lshell32] ==> lib [shell32]
    arg [-luser32] ==> lib [user32]
    arg [-lkernel32] ==> lib [kernel32]
    arg [-lmingw32] ==> lib [mingw32]
    arg [-lgcc] ==> lib [gcc]
    arg [-lgcc_eh] ==> lib [gcc_eh]
    arg [-lmoldname] ==> lib [moldname]
    arg [-lmingwex] ==> lib [mingwex]
    arg [-lmsvcrt] ==> lib [msvcrt]
    arg [/usr/lib/gcc/x86_64-w64-mingw32/7.3-win32/crtend.o] ==> ignore
  remove lib [gcc_eh]
  remove lib [msvcrt]
  remove lib [gcc_eh]
  remove lib [msvcrt]
  collapse library dir [/usr/lib/gcc/x86_64-w64-mingw32/7.3-win32] ==> [/usr/lib/gcc/x86_64-w64-mingw32/7.3-win32]
  collapse library dir [/usr/lib/gcc/x86_64-w64-mingw32/7.3-win32/../../../../x86_64-w64-mingw32/lib] ==> [/usr/x86_64-w64-mingw32/lib]
  implicit libs: [mingw32;gcc;moldname;mingwex;advapi32;shell32;user32;kernel32;mingw32;gcc;moldname;mingwex]
  implicit dirs: [/usr/lib/gcc/x86_64-w64-mingw32/7.3-win32;/usr/x86_64-w64-mingw32/lib]
  implicit fwks: []




Detecting C [-std=c11] compiler features compiled with the following output:
Change Dir: /home/diprotiv/Desktop/Test/NoisePlugin/noise-suppression-for-voice/build-mingw64/CMakeFiles/CMakeTmp

Run Build Command:"/usr/bin/make" "cmTC_38733/fast"
/usr/bin/make -f CMakeFiles/cmTC_38733.dir/build.make CMakeFiles/cmTC_38733.dir/build
make[1]: Entering directory '/home/diprotiv/Desktop/Test/NoisePlugin/noise-suppression-for-voice/build-mingw64/CMakeFiles/CMakeTmp'
Building C object CMakeFiles/cmTC_38733.dir/feature_tests.c.obj
/usr/bin/x86_64-w64-mingw32-gcc   -std=c11 -o CMakeFiles/cmTC_38733.dir/feature_tests.c.obj   -c /home/diprotiv/Desktop/Test/NoisePlugin/noise-suppression-for-voice/build-mingw64/CMakeFiles/feature_tests.c
Linking C executable cmTC_38733.exe
/home/linuxbrew/.linuxbrew/Cellar/cmake/3.13.4/bin/cmake -E cmake_link_script CMakeFiles/cmTC_38733.dir/link.txt --verbose=1
/home/linuxbrew/.linuxbrew/Cellar/cmake/3.13.4/bin/cmake -E remove -f CMakeFiles/cmTC_38733.dir/objects.a
/usr/bin/x86_64-w64-mingw32-ar cr CMakeFiles/cmTC_38733.dir/objects.a @CMakeFiles/cmTC_38733.dir/objects1.rsp
/usr/bin/x86_64-w64-mingw32-gcc      -Wl,--whole-archive CMakeFiles/cmTC_38733.dir/objects.a -Wl,--no-whole-archive  -o cmTC_38733.exe -Wl,--out-implib,libcmTC_38733.dll.a -Wl,--major-image-version,0,--minor-image-version,0 @CMakeFiles/cmTC_38733.dir/linklibs.rsp
make[1]: Leaving directory '/home/diprotiv/Desktop/Test/NoisePlugin/noise-suppression-for-voice/build-mingw64/CMakeFiles/CMakeTmp'


    Feature record: C_FEATURE:1c_function_prototypes
    Feature record: C_FEATURE:1c_restrict
    Feature record: C_FEATURE:1c_static_assert
    Feature record: C_FEATURE:1c_variadic_macros


Detecting C [-std=c99] compiler features compiled with the following output:
Change Dir: /home/diprotiv/Desktop/Test/NoisePlugin/noise-suppression-for-voice/build-mingw64/CMakeFiles/CMakeTmp

Run Build Command:"/usr/bin/make" "cmTC_231e4/fast"
/usr/bin/make -f CMakeFiles/cmTC_231e4.dir/build.make CMakeFiles/cmTC_231e4.dir/build
make[1]: Entering directory '/home/diprotiv/Desktop/Test/NoisePlugin/noise-suppression-for-voice/build-mingw64/CMakeFiles/CMakeTmp'
Building C object CMakeFiles/cmTC_231e4.dir/feature_tests.c.obj
/usr/bin/x86_64-w64-mingw32-gcc   -std=c99 -o CMakeFiles/cmTC_231e4.dir/feature_tests.c.obj   -c /home/diprotiv/Desktop/Test/NoisePlugin/noise-suppression-for-voice/build-mingw64/CMakeFiles/feature_tests.c
Linking C executable cmTC_231e4.exe
/home/linuxbrew/.linuxbrew/Cellar/cmake/3.13.4/bin/cmake -E cmake_link_script CMakeFiles/cmTC_231e4.dir/link.txt --verbose=1
/home/linuxbrew/.linuxbrew/Cellar/cmake/3.13.4/bin/cmake -E remove -f CMakeFiles/cmTC_231e4.dir/objects.a
/usr/bin/x86_64-w64-mingw32-ar cr CMakeFiles/cmTC_231e4.dir/objects.a @CMakeFiles/cmTC_231e4.dir/objects1.rsp
/usr/bin/x86_64-w64-mingw32-gcc      -Wl,--whole-archive CMakeFiles/cmTC_231e4.dir/objects.a -Wl,--no-whole-archive  -o cmTC_231e4.exe -Wl,--out-implib,libcmTC_231e4.dll.a -Wl,--major-image-version,0,--minor-image-version,0 @CMakeFiles/cmTC_231e4.dir/linklibs.rsp
make[1]: Leaving directory '/home/diprotiv/Desktop/Test/NoisePlugin/noise-suppression-for-voice/build-mingw64/CMakeFiles/CMakeTmp'


    Feature record: C_FEATURE:1c_function_prototypes
    Feature record: C_FEATURE:1c_restrict
    Feature record: C_FEATURE:0c_static_assert
    Feature record: C_FEATURE:1c_variadic_macros


Detecting C [-std=c90] compiler features compiled with the following output:
Change Dir: /home/diprotiv/Desktop/Test/NoisePlugin/noise-suppression-for-voice/build-mingw64/CMakeFiles/CMakeTmp

Run Build Command:"/usr/bin/make" "cmTC_18974/fast"
/usr/bin/make -f CMakeFiles/cmTC_18974.dir/build.make CMakeFiles/cmTC_18974.dir/build
make[1]: Entering directory '/home/diprotiv/Desktop/Test/NoisePlugin/noise-suppression-for-voice/build-mingw64/CMakeFiles/CMakeTmp'
Building C object CMakeFiles/cmTC_18974.dir/feature_tests.c.obj
/usr/bin/x86_64-w64-mingw32-gcc   -std=c90 -o CMakeFiles/cmTC_18974.dir/feature_tests.c.obj   -c /home/diprotiv/Desktop/Test/NoisePlugin/noise-suppression-for-voice/build-mingw64/CMakeFiles/feature_tests.c
Linking C executable cmTC_18974.exe
/home/linuxbrew/.linuxbrew/Cellar/cmake/3.13.4/bin/cmake -E cmake_link_script CMakeFiles/cmTC_18974.dir/link.txt --verbose=1
/home/linuxbrew/.linuxbrew/Cellar/cmake/3.13.4/bin/cmake -E remove -f CMakeFiles/cmTC_18974.dir/objects.a
/usr/bin/x86_64-w64-mingw32-ar cr CMakeFiles/cmTC_18974.dir/objects.a @CMakeFiles/cmTC_18974.dir/objects1.rsp
/usr/bin/x86_64-w64-mingw32-gcc      -Wl,--whole-archive CMakeFiles/cmTC_18974.dir/objects.a -Wl,--no-whole-archive  -o cmTC_18974.exe -Wl,--out-implib,libcmTC_18974.dll.a -Wl,--major-image-version,0,--minor-image-version,0 @CMakeFiles/cmTC_18974.dir/linklibs.rsp
make[1]: Leaving directory '/home/diprotiv/Desktop/Test/NoisePlugin/noise-suppression-for-voice/build-mingw64/CMakeFiles/CMakeTmp'


    Feature record: C_FEATURE:1c_function_prototypes
    Feature record: C_FEATURE:0c_restrict
    Feature record: C_FEATURE:0c_static_assert
    Feature record: C_FEATURE:0c_variadic_macros
Determining if the CXX compiler works passed with the following output:
Change Dir: /home/diprotiv/Desktop/Test/NoisePlugin/noise-suppression-for-voice/build-mingw64/CMakeFiles/CMakeTmp

Run Build Command:"/usr/bin/make" "cmTC_83a28/fast"
/usr/bin/make -f CMakeFiles/cmTC_83a28.dir/build.make CMakeFiles/cmTC_83a28.dir/build
make[1]: Entering directory '/home/diprotiv/Desktop/Test/NoisePlugin/noise-suppression-for-voice/build-mingw64/CMakeFiles/CMakeTmp'
Building CXX object CMakeFiles/cmTC_83a28.dir/testCXXCompiler.cxx.obj
/usr/bin/x86_64-w64-mingw32-g++     -o CMakeFiles/cmTC_83a28.dir/testCXXCompiler.cxx.obj -c /home/diprotiv/Desktop/Test/NoisePlugin/noise-suppression-for-voice/build-mingw64/CMakeFiles/CMakeTmp/testCXXCompiler.cxx
Linking CXX executable cmTC_83a28.exe
/home/linuxbrew/.linuxbrew/Cellar/cmake/3.13.4/bin/cmake -E cmake_link_script CMakeFiles/cmTC_83a28.dir/link.txt --verbose=1
/home/linuxbrew/.linuxbrew/Cellar/cmake/3.13.4/bin/cmake -E remove -f CMakeFiles/cmTC_83a28.dir/objects.a
/usr/bin/x86_64-w64-mingw32-ar cr CMakeFiles/cmTC_83a28.dir/objects.a @CMakeFiles/cmTC_83a28.dir/objects1.rsp
/usr/bin/x86_64-w64-mingw32-g++      -Wl,--whole-archive CMakeFiles/cmTC_83a28.dir/objects.a -Wl,--no-whole-archive  -o cmTC_83a28.exe -Wl,--out-implib,libcmTC_83a28.dll.a -Wl,--major-image-version,0,--minor-image-version,0 @CMakeFiles/cmTC_83a28.dir/linklibs.rsp
make[1]: Leaving directory '/home/diprotiv/Desktop/Test/NoisePlugin/noise-suppression-for-voice/build-mingw64/CMakeFiles/CMakeTmp'


Detecting CXX compiler ABI info compiled with the following output:
Change Dir: /home/diprotiv/Desktop/Test/NoisePlugin/noise-suppression-for-voice/build-mingw64/CMakeFiles/CMakeTmp

Run Build Command:"/usr/bin/make" "cmTC_e4dea/fast"
/usr/bin/make -f CMakeFiles/cmTC_e4dea.dir/build.make CMakeFiles/cmTC_e4dea.dir/build
make[1]: Entering directory '/home/diprotiv/Desktop/Test/NoisePlugin/noise-suppression-for-voice/build-mingw64/CMakeFiles/CMakeTmp'
Building CXX object CMakeFiles/cmTC_e4dea.dir/CMakeCXXCompilerABI.cpp.obj
/usr/bin/x86_64-w64-mingw32-g++     -o CMakeFiles/cmTC_e4dea.dir/CMakeCXXCompilerABI.cpp.obj -c /home/linuxbrew/.linuxbrew/Cellar/cmake/3.13.4/share/cmake/Modules/CMakeCXXCompilerABI.cpp
Linking CXX executable cmTC_e4dea.exe
/home/linuxbrew/.linuxbrew/Cellar/cmake/3.13.4/bin/cmake -E cmake_link_script CMakeFiles/cmTC_e4dea.dir/link.txt --verbose=1
/home/linuxbrew/.linuxbrew/Cellar/cmake/3.13.4/bin/cmake -E remove -f CMakeFiles/cmTC_e4dea.dir/objects.a
/usr/bin/x86_64-w64-mingw32-ar cr CMakeFiles/cmTC_e4dea.dir/objects.a @CMakeFiles/cmTC_e4dea.dir/objects1.rsp
/usr/bin/x86_64-w64-mingw32-g++     -v -Wl,--whole-archive CMakeFiles/cmTC_e4dea.dir/objects.a -Wl,--no-whole-archive  -o cmTC_e4dea.exe -Wl,--out-implib,libcmTC_e4dea.dll.a -Wl,--major-image-version,0,--minor-image-version,0 
Using built-in specs.
COLLECT_GCC=/usr/bin/x86_64-w64-mingw32-g++
COLLECT_LTO_WRAPPER=/usr/lib/gcc/x86_64-w64-mingw32/7.3-win32/lto-wrapper
Target: x86_64-w64-mingw32
Configured with: ../../src/configure --build=x86_64-linux-gnu --prefix=/usr --includedir='/usr/include' --mandir='/usr/share/man' --infodir='/usr/share/info' --sysconfdir=/etc --localstatedir=/var --disable-silent-rules --libdir='/usr/lib/x86_64-linux-gnu' --libexecdir='/usr/lib/x86_64-linux-gnu' --disable-maintainer-mode --disable-dependency-tracking --prefix=/usr --enable-shared --enable-static --disable-multilib --with-system-zlib --libexecdir=/usr/lib --without-included-gettext --libdir=/usr/lib --enable-libstdcxx-time=yes --with-tune=generic --with-headers=/usr/x86_64-w64-mingw32/include --enable-version-specific-runtime-libs --enable-fully-dynamic-string --enable-libgomp --enable-languages=c,c++,fortran,objc,obj-c++,ada --enable-lto --with-plugin-ld --enable-threads=win32 --program-suffix=-win32 --program-prefix=x86_64-w64-mingw32- --target=x86_64-w64-mingw32 --with-as=/usr/bin/x86_64-w64-mingw32-as --with-ld=/usr/bin/x86_64-w64-mingw32-ld --enable-libatomic --enable-libstdcxx-filesystem-ts=yes
Thread model: win32
gcc version 7.3-win32 20180312 (GCC) 
COMPILER_PATH=/usr/lib/gcc/x86_64-w64-mingw32/7.3-win32/:/usr/lib/gcc/x86_64-w64-mingw32/7.3-win32/:/usr/lib/gcc/x86_64-w64-mingw32/:/usr/lib/gcc/x86_64-w64-mingw32/7.3-win32/:/usr/lib/gcc/x86_64-w64-mingw32/:/usr/lib/gcc/x86_64-w64-mingw32/7.3-win32/../../../../x86_64-w64-mingw32/bin/
LIBRARY_PATH=/usr/lib/gcc/x86_64-w64-mingw32/7.3-win32/:/usr/lib/gcc/x86_64-w64-mingw32/7.3-win32/../../../../x86_64-w64-mingw32/lib/
COLLECT_GCC_OPTIONS='-v' '-o' 'cmTC_e4dea.exe' '-shared-libgcc' '-mtune=generic' '-march=x86-64'
 /usr/lib/gcc/x86_64-w64-mingw32/7.3-win32/collect2 -m i386pep -Bdynamic -o cmTC_e4dea.exe /usr/lib/gcc/x86_64-w64-mingw32/7.3-win32/../../../../x86_64-w64-mingw32/lib/crt2.o /usr/lib/gcc/x86_64-w64-mingw32/7.3-win32/crtbegin.o -L/usr/lib/gcc/x86_64-w64-mingw32/7.3-win32 -L/usr/lib/gcc/x86_64-w64-mingw32/7.3-win32/../../../../x86_64-w64-mingw32/lib --whole-archive CMakeFiles/cmTC_e4dea.dir/objects.a --no-whole-archive --out-implib libcmTC_e4dea.dll.a --major-image-version 0 --minor-image-version 0 -lstdc++ -lmingw32 -lgcc_s -lgcc -lmoldname -lmingwex -lmsvcrt -ladvapi32 -lshell32 -luser32 -lkernel32 -lmingw32 -lgcc_s -lgcc -lmoldname -lmingwex -lmsvcrt /usr/lib/gcc/x86_64-w64-mingw32/7.3-win32/crtend.o
COLLECT_GCC_OPTIONS='-v' '-o' 'cmTC_e4dea.exe' '-shared-libgcc' '-mtune=generic' '-march=x86-64'
make[1]: Leaving directory '/home/diprotiv/Desktop/Test/NoisePlugin/noise-suppression-for-voice/build-mingw64/CMakeFiles/CMakeTmp'


Parsed CXX implicit link information from above output:
  link line regex: [^( *|.*[/\])(x86_64-w64-mingw32-ld|CMAKE_LINK_STARTFILE-NOTFOUND|([^/\]+-)?ld|collect2)[^/\]*( |$)]
  ignore line: [Change Dir: /home/diprotiv/Desktop/Test/NoisePlugin/noise-suppression-for-voice/build-mingw64/CMakeFiles/CMakeTmp]
  ignore line: []
  ignore line: [Run Build Command:"/usr/bin/make" "cmTC_e4dea/fast"]
  ignore line: [/usr/bin/make -f CMakeFiles/cmTC_e4dea.dir/build.make CMakeFiles/cmTC_e4dea.dir/build]
  ignore line: [make[1]: Entering directory '/home/diprotiv/Desktop/Test/NoisePlugin/noise-suppression-for-voice/build-mingw64/CMakeFiles/CMakeTmp']
  ignore line: [Building CXX object CMakeFiles/cmTC_e4dea.dir/CMakeCXXCompilerABI.cpp.obj]
  ignore line: [/usr/bin/x86_64-w64-mingw32-g++     -o CMakeFiles/cmTC_e4dea.dir/CMakeCXXCompilerABI.cpp.obj -c /home/linuxbrew/.linuxbrew/Cellar/cmake/3.13.4/share/cmake/Modules/CMakeCXXCompilerABI.cpp]
  ignore line: [Linking CXX executable cmTC_e4dea.exe]
  ignore line: [/home/linuxbrew/.linuxbrew/Cellar/cmake/3.13.4/bin/cmake -E cmake_link_script CMakeFiles/cmTC_e4dea.dir/link.txt --verbose=1]
  ignore line: [/home/linuxbrew/.linuxbrew/Cellar/cmake/3.13.4/bin/cmake -E remove -f CMakeFiles/cmTC_e4dea.dir/objects.a]
  ignore line: [/usr/bin/x86_64-w64-mingw32-ar cr CMakeFiles/cmTC_e4dea.dir/objects.a @CMakeFiles/cmTC_e4dea.dir/objects1.rsp]
  ignore line: [/usr/bin/x86_64-w64-mingw32-g++     -v -Wl,--whole-archive CMakeFiles/cmTC_e4dea.dir/objects.a -Wl,--no-whole-archive  -o cmTC_e4dea.exe -Wl,--out-implib,libcmTC_e4dea.dll.a -Wl,--major-image-version,0,--minor-image-version,0 ]
  ignore line: [Using built-in specs.]
  ignore line: [COLLECT_GCC=/usr/bin/x86_64-w64-mingw32-g++]
  ignore line: [COLLECT_LTO_WRAPPER=/usr/lib/gcc/x86_64-w64-mingw32/7.3-win32/lto-wrapper]
  ignore line: [Target: x86_64-w64-mingw32]
  ignore line: [Configured with: ../../src/configure --build=x86_64-linux-gnu --prefix=/usr --includedir='/usr/include' --mandir='/usr/share/man' --infodir='/usr/share/info' --sysconfdir=/etc --localstatedir=/var --disable-silent-rules --libdir='/usr/lib/x86_64-linux-gnu' --libexecdir='/usr/lib/x86_64-linux-gnu' --disable-maintainer-mode --disable-dependency-tracking --prefix=/usr --enable-shared --enable-static --disable-multilib --with-system-zlib --libexecdir=/usr/lib --without-included-gettext --libdir=/usr/lib --enable-libstdcxx-time=yes --with-tune=generic --with-headers=/usr/x86_64-w64-mingw32/include --enable-version-specific-runtime-libs --enable-fully-dynamic-string --enable-libgomp --enable-languages=c,c++,fortran,objc,obj-c++,ada --enable-lto --with-plugin-ld --enable-threads=win32 --program-suffix=-win32 --program-prefix=x86_64-w64-mingw32- --target=x86_64-w64-mingw32 --with-as=/usr/bin/x86_64-w64-mingw32-as --with-ld=/usr/bin/x86_64-w64-mingw32-ld --enable-libatomic --enable-libstdcxx-filesystem-ts=yes]
  ignore line: [Thread model: win32]
  ignore line: [gcc version 7.3-win32 20180312 (GCC) ]
  ignore line: [COMPILER_PATH=/usr/lib/gcc/x86_64-w64-mingw32/7.3-win32/:/usr/lib/gcc/x86_64-w64-mingw32/7.3-win32/:/usr/lib/gcc/x86_64-w64-mingw32/:/usr/lib/gcc/x86_64-w64-mingw32/7.3-win32/:/usr/lib/gcc/x86_64-w64-mingw32/:/usr/lib/gcc/x86_64-w64-mingw32/7.3-win32/../../../../x86_64-w64-mingw32/bin/]
  ignore line: [LIBRARY_PATH=/usr/lib/gcc/x86_64-w64-mingw32/7.3-win32/:/usr/lib/gcc/x86_64-w64-mingw32/7.3-win32/../../../../x86_64-w64-mingw32/lib/]
  ignore line: [COLLECT_GCC_OPTIONS='-v' '-o' 'cmTC_e4dea.exe' '-shared-libgcc' '-mtune=generic' '-march=x86-64']
  link line: [ /usr/lib/gcc/x86_64-w64-mingw32/7.3-win32/collect2 -m i386pep -Bdynamic -o cmTC_e4dea.exe /usr/lib/gcc/x86_64-w64-mingw32/7.3-win32/../../../../x86_64-w64-mingw32/lib/crt2.o /usr/lib/gcc/x86_64-w64-mingw32/7.3-win32/crtbegin.o -L/usr/lib/gcc/x86_64-w64-mingw32/7.3-win32 -L/usr/lib/gcc/x86_64-w64-mingw32/7.3-win32/../../../../x86_64-w64-mingw32/lib --whole-archive CMakeFiles/cmTC_e4dea.dir/objects.a --no-whole-archive --out-implib libcmTC_e4dea.dll.a --major-image-version 0 --minor-image-version 0 -lstdc++ -lmingw32 -lgcc_s -lgcc -lmoldname -lmingwex -lmsvcrt -ladvapi32 -lshell32 -luser32 -lkernel32 -lmingw32 -lgcc_s -lgcc -lmoldname -lmingwex -lmsvcrt /usr/lib/gcc/x86_64-w64-mingw32/7.3-win32/crtend.o]
    arg [/usr/lib/gcc/x86_64-w64-mingw32/7.3-win32/collect2] ==> ignore
    arg [-m] ==> ignore
    arg [i386pep] ==> ignore
    arg [-Bdynamic] ==> ignore
    arg [-o] ==> ignore
    arg [cmTC_e4dea.exe] ==> ignore
    arg [/usr/lib/gcc/x86_64-w64-mingw32/7.3-win32/../../../../x86_64-w64-mingw32/lib/crt2.o] ==> ignore
    arg [/usr/lib/gcc/x86_64-w64-mingw32/7.3-win32/crtbegin.o] ==> ignore
    arg [-L/usr/lib/gcc/x86_64-w64-mingw32/7.3-win32] ==> dir [/usr/lib/gcc/x86_64-w64-mingw32/7.3-win32]
    arg [-L/usr/lib/gcc/x86_64-w64-mingw32/7.3-win32/../../../../x86_64-w64-mingw32/lib] ==> dir [/usr/lib/gcc/x86_64-w64-mingw32/7.3-win32/../../../../x86_64-w64-mingw32/lib]
    arg [--whole-archive] ==> ignore
    arg [CMakeFiles/cmTC_e4dea.dir/objects.a] ==> ignore
    arg [--no-whole-archive] ==> ignore
    arg [--out-implib] ==> ignore
    arg [libcmTC_e4dea.dll.a] ==> ignore
    arg [--major-image-version] ==> ignore
    arg [0] ==> ignore
    arg [--minor-image-version] ==> ignore
    arg [0] ==> ignore
    arg [-lstdc++] ==> lib [stdc++]
    arg [-lmingw32] ==> lib [mingw32]
    arg [-lgcc_s] ==> lib [gcc_s]
    arg [-lgcc] ==> lib [gcc]
    arg [-lmoldname] ==> lib [moldname]
    arg [-lmingwex] ==> lib [mingwex]
    arg [-lmsvcrt] ==> lib [msvcrt]
    arg [-ladvapi32] ==> lib [advapi32]
    arg [-lshell32] ==> lib [shell32]
    arg [-luser32] ==> lib [user32]
    arg [-lkernel32] ==> lib [kernel32]
    arg [-lmingw32] ==> lib [mingw32]
    arg [-lgcc_s] ==> lib [gcc_s]
    arg [-lgcc] ==> lib [gcc]
    arg [-lmoldname] ==> lib [moldname]
    arg [-lmingwex] ==> lib [mingwex]
    arg [-lmsvcrt] ==> lib [msvcrt]
    arg [/usr/lib/gcc/x86_64-w64-mingw32/7.3-win32/crtend.o] ==> ignore
  remove lib [msvcrt]
  remove lib [msvcrt]
  collapse library dir [/usr/lib/gcc/x86_64-w64-mingw32/7.3-win32] ==> [/usr/lib/gcc/x86_64-w64-mingw32/7.3-win32]
  collapse library dir [/usr/lib/gcc/x86_64-w64-mingw32/7.3-win32/../../../../x86_64-w64-mingw32/lib] ==> [/usr/x86_64-w64-mingw32/lib]
  implicit libs: [stdc++;mingw32;gcc_s;gcc;moldname;mingwex;advapi32;shell32;user32;kernel32;mingw32;gcc_s;gcc;moldname;mingwex]
  implicit dirs: [/usr/lib/gcc/x86_64-w64-mingw32/7.3-win32;/usr/x86_64-w64-mingw32/lib]
  implicit fwks: []




Detecting CXX [-std=c++1z] compiler features compiled with the following output:
Change Dir: /home/diprotiv/Desktop/Test/NoisePlugin/noise-suppression-for-voice/build-mingw64/CMakeFiles/CMakeTmp

Run Build Command:"/usr/bin/make" "cmTC_2985b/fast"
/usr/bin/make -f CMakeFiles/cmTC_2985b.dir/build.make CMakeFiles/cmTC_2985b.dir/build
make[1]: Entering directory '/home/diprotiv/Desktop/Test/NoisePlugin/noise-suppression-for-voice/build-mingw64/CMakeFiles/CMakeTmp'
Building CXX object CMakeFiles/cmTC_2985b.dir/feature_tests.cxx.obj
/usr/bin/x86_64-w64-mingw32-g++    -std=c++1z -o CMakeFiles/cmTC_2985b.dir/feature_tests.cxx.obj -c /home/diprotiv/Desktop/Test/NoisePlugin/noise-suppression-for-voice/build-mingw64/CMakeFiles/feature_tests.cxx
Linking CXX executable cmTC_2985b.exe
/home/linuxbrew/.linuxbrew/Cellar/cmake/3.13.4/bin/cmake -E cmake_link_script CMakeFiles/cmTC_2985b.dir/link.txt --verbose=1
/home/linuxbrew/.linuxbrew/Cellar/cmake/3.13.4/bin/cmake -E remove -f CMakeFiles/cmTC_2985b.dir/objects.a
/usr/bin/x86_64-w64-mingw32-ar cr CMakeFiles/cmTC_2985b.dir/objects.a @CMakeFiles/cmTC_2985b.dir/objects1.rsp
/usr/bin/x86_64-w64-mingw32-g++      -Wl,--whole-archive CMakeFiles/cmTC_2985b.dir/objects.a -Wl,--no-whole-archive  -o cmTC_2985b.exe -Wl,--out-implib,libcmTC_2985b.dll.a -Wl,--major-image-version,0,--minor-image-version,0 @CMakeFiles/cmTC_2985b.dir/linklibs.rsp
make[1]: Leaving directory '/home/diprotiv/Desktop/Test/NoisePlugin/noise-suppression-for-voice/build-mingw64/CMakeFiles/CMakeTmp'


    Feature record: CXX_FEATURE:1cxx_aggregate_default_initializers
    Feature record: CXX_FEATURE:1cxx_alias_templates
    Feature record: CXX_FEATURE:1cxx_alignas
    Feature record: CXX_FEATURE:1cxx_alignof
    Feature record: CXX_FEATURE:1cxx_attributes
    Feature record: CXX_FEATURE:1cxx_attribute_deprecated
    Feature record: CXX_FEATURE:1cxx_auto_type
    Feature record: CXX_FEATURE:1cxx_binary_literals
    Feature record: CXX_FEATURE:1cxx_constexpr
    Feature record: CXX_FEATURE:1cxx_contextual_conversions
    Feature record: CXX_FEATURE:1cxx_decltype
    Feature record: CXX_FEATURE:1cxx_decltype_auto
    Feature record: CXX_FEATURE:1cxx_decltype_incomplete_return_types
    Feature record: CXX_FEATURE:1cxx_default_function_template_args
    Feature record: CXX_FEATURE:1cxx_defaulted_functions
    Feature record: CXX_FEATURE:1cxx_defaulted_move_initializers
    Feature record: CXX_FEATURE:1cxx_delegating_constructors
    Feature record: CXX_FEATURE:1cxx_deleted_functions
    Feature record: CXX_FEATURE:1cxx_digit_separators
    Feature record: CXX_FEATURE:1cxx_enum_forward_declarations
    Feature record: CXX_FEATURE:1cxx_explicit_conversions
    Feature record: CXX_FEATURE:1cxx_extended_friend_declarations
    Feature record: CXX_FEATURE:1cxx_extern_templates
    Feature record: CXX_FEATURE:1cxx_final
    Feature record: CXX_FEATURE:1cxx_func_identifier
    Feature record: CXX_FEATURE:1cxx_generalized_initializers
    Feature record: CXX_FEATURE:1cxx_generic_lambdas
    Feature record: CXX_FEATURE:1cxx_inheriting_constructors
    Feature record: CXX_FEATURE:1cxx_inline_namespaces
    Feature record: CXX_FEATURE:1cxx_lambdas
    Feature record: CXX_FEATURE:1cxx_lambda_init_captures
    Feature record: CXX_FEATURE:1cxx_local_type_template_args
    Feature record: CXX_FEATURE:1cxx_long_long_type
    Feature record: CXX_FEATURE:1cxx_noexcept
    Feature record: CXX_FEATURE:1cxx_nonstatic_member_init
    Feature record: CXX_FEATURE:1cxx_nullptr
    Feature record: CXX_FEATURE:1cxx_override
    Feature record: CXX_FEATURE:1cxx_range_for
    Feature record: CXX_FEATURE:1cxx_raw_string_literals
    Feature record: CXX_FEATURE:1cxx_reference_qualified_functions
    Feature record: CXX_FEATURE:1cxx_relaxed_constexpr
    Feature record: CXX_FEATURE:1cxx_return_type_deduction
    Feature record: CXX_FEATURE:1cxx_right_angle_brackets
    Feature record: CXX_FEATURE:1cxx_rvalue_references
    Feature record: CXX_FEATURE:1cxx_sizeof_member
    Feature record: CXX_FEATURE:1cxx_static_assert
    Feature record: CXX_FEATURE:1cxx_strong_enums
    Feature record: CXX_FEATURE:1cxx_template_template_parameters
    Feature record: CXX_FEATURE:1cxx_thread_local
    Feature record: CXX_FEATURE:1cxx_trailing_return_types
    Feature record: CXX_FEATURE:1cxx_unicode_literals
    Feature record: CXX_FEATURE:1cxx_uniform_initialization
    Feature record: CXX_FEATURE:1cxx_unrestricted_unions
    Feature record: CXX_FEATURE:1cxx_user_literals
    Feature record: CXX_FEATURE:1cxx_variable_templates
    Feature record: CXX_FEATURE:1cxx_variadic_macros
    Feature record: CXX_FEATURE:1cxx_variadic_templates


Detecting CXX [-std=c++14] compiler features compiled with the following output:
Change Dir: /home/diprotiv/Desktop/Test/NoisePlugin/noise-suppression-for-voice/build-mingw64/CMakeFiles/CMakeTmp

Run Build Command:"/usr/bin/make" "cmTC_2f61b/fast"
/usr/bin/make -f CMakeFiles/cmTC_2f61b.dir/build.make CMakeFiles/cmTC_2f61b.dir/build
make[1]: Entering directory '/home/diprotiv/Desktop/Test/NoisePlugin/noise-suppression-for-voice/build-mingw64/CMakeFiles/CMakeTmp'
Building CXX object CMakeFiles/cmTC_2f61b.dir/feature_tests.cxx.obj
/usr/bin/x86_64-w64-mingw32-g++    -std=c++14 -o CMakeFiles/cmTC_2f61b.dir/feature_tests.cxx.obj -c /home/diprotiv/Desktop/Test/NoisePlugin/noise-suppression-for-voice/build-mingw64/CMakeFiles/feature_tests.cxx
Linking CXX executable cmTC_2f61b.exe
/home/linuxbrew/.linuxbrew/Cellar/cmake/3.13.4/bin/cmake -E cmake_link_script CMakeFiles/cmTC_2f61b.dir/link.txt --verbose=1
/home/linuxbrew/.linuxbrew/Cellar/cmake/3.13.4/bin/cmake -E remove -f CMakeFiles/cmTC_2f61b.dir/objects.a
/usr/bin/x86_64-w64-mingw32-ar cr CMakeFiles/cmTC_2f61b.dir/objects.a @CMakeFiles/cmTC_2f61b.dir/objects1.rsp
/usr/bin/x86_64-w64-mingw32-g++      -Wl,--whole-archive CMakeFiles/cmTC_2f61b.dir/objects.a -Wl,--no-whole-archive  -o cmTC_2f61b.exe -Wl,--out-implib,libcmTC_2f61b.dll.a -Wl,--major-image-version,0,--minor-image-version,0 @CMakeFiles/cmTC_2f61b.dir/linklibs.rsp
make[1]: Leaving directory '/home/diprotiv/Desktop/Test/NoisePlugin/noise-suppression-for-voice/build-mingw64/CMakeFiles/CMakeTmp'


    Feature record: CXX_FEATURE:1cxx_aggregate_default_initializers
    Feature record: CXX_FEATURE:1cxx_alias_templates
    Feature record: CXX_FEATURE:1cxx_alignas
    Feature record: CXX_FEATURE:1cxx_alignof
    Feature record: CXX_FEATURE:1cxx_attributes
    Feature record: CXX_FEATURE:1cxx_attribute_deprecated
    Feature record: CXX_FEATURE:1cxx_auto_type
    Feature record: CXX_FEATURE:1cxx_binary_literals
    Feature record: CXX_FEATURE:1cxx_constexpr
    Feature record: CXX_FEATURE:1cxx_contextual_conversions
    Feature record: CXX_FEATURE:1cxx_decltype
    Feature record: CXX_FEATURE:1cxx_decltype_auto
    Feature record: CXX_FEATURE:1cxx_decltype_incomplete_return_types
    Feature record: CXX_FEATURE:1cxx_default_function_template_args
    Feature record: CXX_FEATURE:1cxx_defaulted_functions
    Feature record: CXX_FEATURE:1cxx_defaulted_move_initializers
    Feature record: CXX_FEATURE:1cxx_delegating_constructors
    Feature record: CXX_FEATURE:1cxx_deleted_functions
    Feature record: CXX_FEATURE:1cxx_digit_separators
    Feature record: CXX_FEATURE:1cxx_enum_forward_declarations
    Feature record: CXX_FEATURE:1cxx_explicit_conversions
    Feature record: CXX_FEATURE:1cxx_extended_friend_declarations
    Feature record: CXX_FEATURE:1cxx_extern_templates
    Feature record: CXX_FEATURE:1cxx_final
    Feature record: CXX_FEATURE:1cxx_func_identifier
    Feature record: CXX_FEATURE:1cxx_generalized_initializers
    Feature record: CXX_FEATURE:1cxx_generic_lambdas
    Feature record: CXX_FEATURE:1cxx_inheriting_constructors
    Feature record: CXX_FEATURE:1cxx_inline_namespaces
    Feature record: CXX_FEATURE:1cxx_lambdas
    Feature record: CXX_FEATURE:1cxx_lambda_init_captures
    Feature record: CXX_FEATURE:1cxx_local_type_template_args
    Feature record: CXX_FEATURE:1cxx_long_long_type
    Feature record: CXX_FEATURE:1cxx_noexcept
    Feature record: CXX_FEATURE:1cxx_nonstatic_member_init
    Feature record: CXX_FEATURE:1cxx_nullptr
    Feature record: CXX_FEATURE:1cxx_override
    Feature record: CXX_FEATURE:1cxx_range_for
    Feature record: CXX_FEATURE:1cxx_raw_string_literals
    Feature record: CXX_FEATURE:1cxx_reference_qualified_functions
    Feature record: CXX_FEATURE:1cxx_relaxed_constexpr
    Feature record: CXX_FEATURE:1cxx_return_type_deduction
    Feature record: CXX_FEATURE:1cxx_right_angle_brackets
    Feature record: CXX_FEATURE:1cxx_rvalue_references
    Feature record: CXX_FEATURE:1cxx_sizeof_member
    Feature record: CXX_FEATURE:1cxx_static_assert
    Feature record: CXX_FEATURE:1cxx_strong_enums
    Feature record: CXX_FEATURE:1cxx_template_template_parameters
    Feature record: CXX_FEATURE:1cxx_thread_local
    Feature record: CXX_FEATURE:1cxx_trailing_return_types
    Feature record: CXX_FEATURE:1cxx_unicode_literals
    Feature record: CXX_FEATURE:1cxx_uniform_initialization
    Feature record: CXX_FEATURE:1cxx_unrestricted_unions
    Feature record: CXX_FEATURE:1cxx_user_literals
    Feature record: CXX_FEATURE:1cxx_variable_templates
    Feature record: CXX_FEATURE:1cxx_variadic_macros
    Feature record: CXX_FEATURE:1cxx_variadic_templates


Detecting CXX [-std=c++11] compiler features compiled with the following output:
Change Dir: /home/diprotiv/Desktop/Test/NoisePlugin/noise-suppression-for-voice/build-mingw64/CMakeFiles/CMakeTmp

Run Build Command:"/usr/bin/make" "cmTC_8aeb8/fast"
/usr/bin/make -f CMakeFiles/cmTC_8aeb8.dir/build.make CMakeFiles/cmTC_8aeb8.dir/build
make[1]: Entering directory '/home/diprotiv/Desktop/Test/NoisePlugin/noise-suppression-for-voice/build-mingw64/CMakeFiles/CMakeTmp'
Building CXX object CMakeFiles/cmTC_8aeb8.dir/feature_tests.cxx.obj
/usr/bin/x86_64-w64-mingw32-g++    -std=c++11 -o CMakeFiles/cmTC_8aeb8.dir/feature_tests.cxx.obj -c /home/diprotiv/Desktop/Test/NoisePlugin/noise-suppression-for-voice/build-mingw64/CMakeFiles/feature_tests.cxx
Linking CXX executable cmTC_8aeb8.exe
/home/linuxbrew/.linuxbrew/Cellar/cmake/3.13.4/bin/cmake -E cmake_link_script CMakeFiles/cmTC_8aeb8.dir/link.txt --verbose=1
/home/linuxbrew/.linuxbrew/Cellar/cmake/3.13.4/bin/cmake -E remove -f CMakeFiles/cmTC_8aeb8.dir/objects.a
/usr/bin/x86_64-w64-mingw32-ar cr CMakeFiles/cmTC_8aeb8.dir/objects.a @CMakeFiles/cmTC_8aeb8.dir/objects1.rsp
/usr/bin/x86_64-w64-mingw32-g++      -Wl,--whole-archive CMakeFiles/cmTC_8aeb8.dir/objects.a -Wl,--no-whole-archive  -o cmTC_8aeb8.exe -Wl,--out-implib,libcmTC_8aeb8.dll.a -Wl,--major-image-version,0,--minor-image-version,0 @CMakeFiles/cmTC_8aeb8.dir/linklibs.rsp
make[1]: Leaving directory '/home/diprotiv/Desktop/Test/NoisePlugin/noise-suppression-for-voice/build-mingw64/CMakeFiles/CMakeTmp'


    Feature record: CXX_FEATURE:0cxx_aggregate_default_initializers
    Feature record: CXX_FEATURE:1cxx_alias_templates
    Feature record: CXX_FEATURE:1cxx_alignas
    Feature record: CXX_FEATURE:1cxx_alignof
    Feature record: CXX_FEATURE:1cxx_attributes
    Feature record: CXX_FEATURE:0cxx_attribute_deprecated
    Feature record: CXX_FEATURE:1cxx_auto_type
    Feature record: CXX_FEATURE:0cxx_binary_literals
    Feature record: CXX_FEATURE:1cxx_constexpr
    Feature record: CXX_FEATURE:0cxx_contextual_conversions
    Feature record: CXX_FEATURE:1cxx_decltype
    Feature record: CXX_FEATURE:0cxx_decltype_auto
    Feature record: CXX_FEATURE:1cxx_decltype_incomplete_return_types
    Feature record: CXX_FEATURE:1cxx_default_function_template_args
    Feature record: CXX_FEATURE:1cxx_defaulted_functions
    Feature record: CXX_FEATURE:1cxx_defaulted_move_initializers
    Feature record: CXX_FEATURE:1cxx_delegating_constructors
    Feature record: CXX_FEATURE:1cxx_deleted_functions
    Feature record: CXX_FEATURE:0cxx_digit_separators
    Feature record: CXX_FEATURE:1cxx_enum_forward_declarations
    Feature record: CXX_FEATURE:1cxx_explicit_conversions
    Feature record: CXX_FEATURE:1cxx_extended_friend_declarations
    Feature record: CXX_FEATURE:1cxx_extern_templates
    Feature record: CXX_FEATURE:1cxx_final
    Feature record: CXX_FEATURE:1cxx_func_identifier
    Feature record: CXX_FEATURE:1cxx_generalized_initializers
    Feature record: CXX_FEATURE:0cxx_generic_lambdas
    Feature record: CXX_FEATURE:1cxx_inheriting_constructors
    Feature record: CXX_FEATURE:1cxx_inline_namespaces
    Feature record: CXX_FEATURE:1cxx_lambdas
    Feature record: CXX_FEATURE:0cxx_lambda_init_captures
    Feature record: CXX_FEATURE:1cxx_local_type_template_args
    Feature record: CXX_FEATURE:1cxx_long_long_type
    Feature record: CXX_FEATURE:1cxx_noexcept
    Feature record: CXX_FEATURE:1cxx_nonstatic_member_init
    Feature record: CXX_FEATURE:1cxx_nullptr
    Feature record: CXX_FEATURE:1cxx_override
    Feature record: CXX_FEATURE:1cxx_range_for
    Feature record: CXX_FEATURE:1cxx_raw_string_literals
    Feature record: CXX_FEATURE:1cxx_reference_qualified_functions
    Feature record: CXX_FEATURE:0cxx_relaxed_constexpr
    Feature record: CXX_FEATURE:0cxx_return_type_deduction
    Feature record: CXX_FEATURE:1cxx_right_angle_brackets
    Feature record: CXX_FEATURE:1cxx_rvalue_references
    Feature record: CXX_FEATURE:1cxx_sizeof_member
    Feature record: CXX_FEATURE:1cxx_static_assert
    Feature record: CXX_FEATURE:1cxx_strong_enums
    Feature record: CXX_FEATURE:1cxx_template_template_parameters
    Feature record: CXX_FEATURE:1cxx_thread_local
    Feature record: CXX_FEATURE:1cxx_trailing_return_types
    Feature record: CXX_FEATURE:1cxx_unicode_literals
    Feature record: CXX_FEATURE:1cxx_uniform_initialization
    Feature record: CXX_FEATURE:1cxx_unrestricted_unions
    Feature record: CXX_FEATURE:1cxx_user_literals
    Feature record: CXX_FEATURE:0cxx_variable_templates
    Feature record: CXX_FEATURE:1cxx_variadic_macros
    Feature record: CXX_FEATURE:1cxx_variadic_templates


Detecting CXX [-std=c++98] compiler features compiled with the following output:
Change Dir: /home/diprotiv/Desktop/Test/NoisePlugin/noise-suppression-for-voice/build-mingw64/CMakeFiles/CMakeTmp

Run Build Command:"/usr/bin/make" "cmTC_1c3ed/fast"
/usr/bin/make -f CMakeFiles/cmTC_1c3ed.dir/build.make CMakeFiles/cmTC_1c3ed.dir/build
make[1]: Entering directory '/home/diprotiv/Desktop/Test/NoisePlugin/noise-suppression-for-voice/build-mingw64/CMakeFiles/CMakeTmp'
Building CXX object CMakeFiles/cmTC_1c3ed.dir/feature_tests.cxx.obj
/usr/bin/x86_64-w64-mingw32-g++    -std=c++98 -o CMakeFiles/cmTC_1c3ed.dir/feature_tests.cxx.obj -c /home/diprotiv/Desktop/Test/NoisePlugin/noise-suppression-for-voice/build-mingw64/CMakeFiles/feature_tests.cxx
Linking CXX executable cmTC_1c3ed.exe
/home/linuxbrew/.linuxbrew/Cellar/cmake/3.13.4/bin/cmake -E cmake_link_script CMakeFiles/cmTC_1c3ed.dir/link.txt --verbose=1
/home/linuxbrew/.linuxbrew/Cellar/cmake/3.13.4/bin/cmake -E remove -f CMakeFiles/cmTC_1c3ed.dir/objects.a
/usr/bin/x86_64-w64-mingw32-ar cr CMakeFiles/cmTC_1c3ed.dir/objects.a @CMakeFiles/cmTC_1c3ed.dir/objects1.rsp
/usr/bin/x86_64-w64-mingw32-g++      -Wl,--whole-archive CMakeFiles/cmTC_1c3ed.dir/objects.a -Wl,--no-whole-archive  -o cmTC_1c3ed.exe -Wl,--out-implib,libcmTC_1c3ed.dll.a -Wl,--major-image-version,0,--minor-image-version,0 @CMakeFiles/cmTC_1c3ed.dir/linklibs.rsp
make[1]: Leaving directory '/home/diprotiv/Desktop/Test/NoisePlugin/noise-suppression-for-voice/build-mingw64/CMakeFiles/CMakeTmp'


    Feature record: CXX_FEATURE:0cxx_aggregate_default_initializers
    Feature record: CXX_FEATURE:0cxx_alias_templates
    Feature record: CXX_FEATURE:0cxx_alignas
    Feature record: CXX_FEATURE:0cxx_alignof
    Feature record: CXX_FEATURE:0cxx_attributes
    Feature record: CXX_FEATURE:0cxx_attribute_deprecated
    Feature record: CXX_FEATURE:0cxx_auto_type
    Feature record: CXX_FEATURE:0cxx_binary_literals
    Feature record: CXX_FEATURE:0cxx_constexpr
    Feature record: CXX_FEATURE:0cxx_contextual_conversions
    Feature record: CXX_FEATURE:0cxx_decltype
    Feature record: CXX_FEATURE:0cxx_decltype_auto
    Feature record: CXX_FEATURE:0cxx_decltype_incomplete_return_types
    Feature record: CXX_FEATURE:0cxx_default_function_template_args
    Feature record: CXX_FEATURE:0cxx_defaulted_functions
    Feature record: CXX_FEATURE:0cxx_defaulted_move_initializers
    Feature record: CXX_FEATURE:0cxx_delegating_constructors
    Feature record: CXX_FEATURE:0cxx_deleted_functions
    Feature record: CXX_FEATURE:0cxx_digit_separators
    Feature record: CXX_FEATURE:0cxx_enum_forward_declarations
    Feature record: CXX_FEATURE:0cxx_explicit_conversions
    Feature record: CXX_FEATURE:0cxx_extended_friend_declarations
    Feature record: CXX_FEATURE:0cxx_extern_templates
    Feature record: CXX_FEATURE:0cxx_final
    Feature record: CXX_FEATURE:0cxx_func_identifier
    Feature record: CXX_FEATURE:0cxx_generalized_initializers
    Feature record: CXX_FEATURE:0cxx_generic_lambdas
    Feature record: CXX_FEATURE:0cxx_inheriting_constructors
    Feature record: CXX_FEATURE:0cxx_inline_namespaces
    Feature record: CXX_FEATURE:0cxx_lambdas
    Feature record: CXX_FEATURE:0cxx_lambda_init_captures
    Feature record: CXX_FEATURE:0cxx_local_type_template_args
    Feature record: CXX_FEATURE:0cxx_long_long_type
    Feature record: CXX_FEATURE:0cxx_noexcept
    Feature record: CXX_FEATURE:0cxx_nonstatic_member_init
    Feature record: CXX_FEATURE:0cxx_nullptr
    Feature record: CXX_FEATURE:0cxx_override
    Feature record: CXX_FEATURE:0cxx_range_for
    Feature record: CXX_FEATURE:0cxx_raw_string_literals
    Feature record: CXX_FEATURE:0cxx_reference_qualified_functions
    Feature record: CXX_FEATURE:0cxx_relaxed_constexpr
    Feature record: CXX_FEATURE:0cxx_return_type_deduction
    Feature record: CXX_FEATURE:0cxx_right_angle_brackets
    Feature record: CXX_FEATURE:0cxx_rvalue_references
    Feature record: CXX_FEATURE:0cxx_sizeof_member
    Feature record: CXX_FEATURE:0cxx_static_assert
    Feature record: CXX_FEATURE:0cxx_strong_enums
    Feature record: CXX_FEATURE:1cxx_template_template_parameters
    Feature record: CXX_FEATURE:0cxx_thread_local
    Feature record: CXX_FEATURE:0cxx_trailing_return_types
    Feature record: CXX_FEATURE:0cxx_unicode_literals
    Feature record: CXX_FEATURE:0cxx_uniform_initialization
    Feature record: CXX_FEATURE:0cxx_unrestricted_unions
    Feature record: CXX_FEATURE:0cxx_user_literals
    Feature record: CXX_FEATURE:0cxx_variable_templates
    Feature record: CXX_FEATURE:0cxx_variadic_macros
    Feature record: CXX_FEATURE:0cxx_variadic_templates
